<?xml version="1.0" encoding="UTF-8"?>
<testng-results ignored="0" total="1" passed="1" failed="0" skipped="0">
  <reporter-output>
  </reporter-output>
  <suite started-at="2023-10-19T05:35:21 UTC" name="Surefire suite" finished-at="2023-10-19T05:35:32 UTC" duration-ms="10967">
    <groups>
    </groups>
    <test started-at="2023-10-19T05:35:21 UTC" name="Surefire test" finished-at="2023-10-19T05:35:32 UTC" duration-ms="10967">
      <class name="com.SEGB.Percy.HomePage">
        <test-method signature="homepage()[pri:0, instance:com.SEGB.Percy.HomePage@3901d134]" started-at="2023-10-19T05:35:21 UTC" name="homepage" finished-at="2023-10-19T05:35:32 UTC" duration-ms="10916" status="PASS">
          <reporter-output>
          </reporter-output>
        </test-method> <!-- homepage -->
      </class> <!-- com.SEGB.Percy.HomePage -->
    </test> <!-- Surefire test -->
  </suite> <!-- Surefire suite -->
</testng-results>
